<?xml version="1.0" encoding="UTF-8"?>

<mule xmlns="http://www.mulesoft.org/schema/mule/core" xmlns:doc="http://www.mulesoft.org/schema/mule/documentation"
	xmlns:xsi="http://www.w3.org/2001/XMLSchema-instance"
	xsi:schemaLocation="http://www.mulesoft.org/schema/mule/core http://www.mulesoft.org/schema/mule/core/current/mule.xsd">
	<sub-flow name="test-lib-projectSub_Flow" doc:id="86b68c4d-2516-413b-bc5a-0347531030d6" >
		<logger level="INFO" doc:name="Logger" doc:id="edf22e7e-7bc7-41b9-b8fa-fa1ff522e4cb" message="Test Message"/>
	</sub-flow>
</mule>
